{"level": "success", "log_string": "Inside the Search API", "timestamp": "2024-05-13T23:24:33.299159Z", "metadata": {"source": "log4.log"}}
{"level": "info", "log_string": "Inside the Search API", "timestamp": "2024-05-13T23:28:11.139931Z", "metadata": {"source": "log4.log"}}
{"level": "info", "log_string": "Inside the Authentication API", "timestamp": "2024-05-13T23:28:11.139931Z", "metadata": {"source": "log4.log"}}
{"level": "error", "log_string": "Inside the Search API", "timestamp": "2024-05-14T12:17:45.736262Z", "metadata": {"source": "log4.log"}}
{"level": "success", "log_string": "Inside the Search API", "timestamp": "2024-05-14T12:17:45.792975Z", "metadata": {"source": "log4.log"}}
{"level": "success", "log_string": "Inside the Authentication API", "timestamp": "2024-05-14T12:17:45.792975Z", "metadata": {"source": "log4.log"}}
{"level": "success", "log_string": "Inside the Search API", "timestamp": "2024-05-14T13:56:52.695990Z", "metadata": {"source": "log4.log"}}
{"level": "error", "log_string": "Inside the Search API", "timestamp": "2024-05-14T13:56:52.698008Z", "metadata": {"source": "log4.log"}}
{"level": "info", "log_string": "Inside the Search API", "timestamp": "2024-05-14T13:56:52.699816Z", "metadata": {"source": "log4.log"}}
{"level": "error", "log_string": "Inside the Search API", "timestamp": "2024-05-14T16:26:01.752025Z", "metadata": {"source": "log4.log"}}
{"level": "error", "log_string": "Inside the Social Media API", "timestamp": "2024-05-14T16:26:01.752025Z", "metadata": {"source": "log4.log"}}
{"level": "success", "log_string": "Inside the Search API", "timestamp": "2024-05-14T16:26:12.988140Z", "metadata": {"source": "log4.log"}}
{"level": "error", "log_string": "Inside the Search API", "timestamp": "2024-05-14T16:26:12.989135Z", "metadata": {"source": "log4.log"}}
{"level": "error", "log_string": "Inside the Search API", "timestamp": "2024-05-14T16:26:12.990643Z", "metadata": {"source": "log4.log"}}
{"level": "error", "log_string": "Inside the Search API", "timestamp": "2024-05-14T16:26:12.991653Z", "metadata": {"source": "log4.log"}}
{"level": "info", "log_string": "Inside the Search API", "timestamp": "2024-05-14T16:26:12.992659Z", "metadata": {"source": "log4.log"}}
{"level": "info", "log_string": "Inside the Search API", "timestamp": "2024-05-14T16:26:12.992659Z", "metadata": {"source": "log4.log"}}
{"level": "error", "log_string": "Inside the Search API", "timestamp": "2024-05-14T16:26:12.993654Z", "metadata": {"source": "log4.log"}}
{"level": "error", "log_string": "Inside the Authentication API", "timestamp": "2024-05-14T16:26:12.993654Z", "metadata": {"source": "log4.log"}}
{"level": "error", "log_string": "Inside the Search API", "timestamp": "2024-05-14T16:26:12.999655Z", "metadata": {"source": "log4.log"}}
{"level": "error", "log_string": "Inside the Translation API", "timestamp": "2024-05-14T16:26:12.999655Z", "metadata": {"source": "log4.log"}}
{"level": "info", "log_string": "Inside the Search API", "timestamp": "2024-05-14T16:26:16.091331Z", "metadata": {"source": "log4.log"}}
{"level": "success", "log_string": "Inside the Search API", "timestamp": "2024-05-14T16:26:16.096342Z", "metadata": {"source": "log4.log"}}
{"level": "success", "log_string": "Inside the Search API", "timestamp": "2024-05-14T16:26:16.096342Z", "metadata": {"source": "log4.log"}}
{"level": "info", "log_string": "Inside the Search API", "timestamp": "2024-05-14T16:26:16.101860Z", "metadata": {"source": "log4.log"}}
{"level": "info", "log_string": "Inside the Weather API", "timestamp": "2024-05-14T16:26:16.101860Z", "metadata": {"source": "log4.log"}}
{"level": "info", "log_string": "Inside the Search API", "timestamp": "2024-05-14T16:26:17.202787Z", "metadata": {"source": "log4.log"}}
{"level": "info", "log_string": "Inside the Search API", "timestamp": "2024-05-14T16:26:17.205786Z", "metadata": {"source": "log4.log"}}
{"level": "error", "log_string": "Inside the Search API", "timestamp": "2024-05-14T16:26:18.197556Z", "metadata": {"source": "log4.log"}}
{"level": "info", "log_string": "Inside the Search API", "timestamp": "2024-05-14T16:26:18.208082Z", "metadata": {"source": "log4.log"}}
{"level": "info", "log_string": "Inside the Translation API", "timestamp": "2024-05-14T16:26:18.208082Z", "metadata": {"source": "log4.log"}}
{"level": "error", "log_string": "Inside the Search API", "timestamp": "2024-05-14T16:26:19.862735Z", "metadata": {"source": "log4.log"}}
{"level": "error", "log_string": "Inside the Search API", "timestamp": "2024-05-14T16:26:19.862735Z", "metadata": {"source": "log4.log"}}
{"level": "info", "log_string": "Inside the Search API", "timestamp": "2024-05-14T16:26:19.865738Z", "metadata": {"source": "log4.log"}}
{"level": "info", "log_string": "Inside the Calander API", "timestamp": "2024-05-14T16:26:19.865738Z", "metadata": {"source": "log4.log"}}
{"level": "info", "log_string": "Inside the Search API", "timestamp": "2024-05-14T16:26:20.438413Z", "metadata": {"source": "log4.log"}}
